<?xml version="1.0" encoding="UTF-8"?>
<!-- Generated by org.testng.reporters.JUnitReportReporter -->
<testsuite hostname="DESKTOP-N31AQQE" failures="0" tests="4" name="Grouping.Testng2.Group1" time="0.011" errors="0" timestamp="2023-12-04T16:32:56 PKT" skipped="0">
  <testcase classname="Grouping.Testng2.Group1" name="fin22" time="0.000"/>
  <system-out/>
  <testcase classname="Grouping.Testng2.Group1" name="fin23" time="0.001"/>
  <system-out/>
  <testcase classname="Grouping.Testng2.Group1" name="fin2" time="0.001"/>
  <system-out/>
  <testcase classname="Grouping.Testng2.Group1" name="fin" time="0.009"/>
  <system-out/>
</testsuite> <!-- Grouping.Testng2.Group1 -->
