<?xml version="1.0" encoding="UTF-8"?>
<!-- Generated by org.testng.reporters.JUnitReportReporter -->
<testsuite hostname="DESKTOP-N31AQQE" failures="0" tests="4" name="Grouping.Testng2.Parameterization" time="0.003" errors="0" timestamp="2023-12-04T16:32:56 PKT" skipped="0">
  <testcase classname="Grouping.Testng2.Parameterization" name="pra33" time="0.001"/>
  <system-out/>
  <testcase classname="Grouping.Testng2.Parameterization" name="pra22" time="0.001"/>
  <system-out/>
  <testcase classname="Grouping.Testng2.Parameterization" name="pra11" time="0.001"/>
  <system-out/>
  <testcase classname="Grouping.Testng2.Parameterization" name="pra44" time="0.000"/>
  <system-out/>
</testsuite> <!-- Grouping.Testng2.Parameterization -->
