<?xml version="1.0" encoding="UTF-8"?>
<!-- Generated by org.testng.reporters.JUnitReportReporter -->
<testsuite hostname="DESKTOP-N31AQQE" failures="0" tests="2" name="Grouping.Testng2.Group4" time="0.001" errors="0" timestamp="2023-12-04T16:32:56 PKT" skipped="0">
  <testcase classname="Grouping.Testng2.Group4" name="fin8" time="0.000"/>
  <system-out/>
  <testcase classname="Grouping.Testng2.Group4" name="fin7" time="0.001"/>
  <system-out/>
</testsuite> <!-- Grouping.Testng2.Group4 -->
