<?xml version="1.0" encoding="UTF-8"?>
<!-- Generated by org.testng.reporters.JUnitReportReporter -->
<testsuite hostname="DESKTOP-N31AQQE" failures="0" tests="4" name="Grouping.Testng2.Prioritizing" time="0.002" errors="0" timestamp="2023-12-04T16:32:56 PKT" skipped="0">
  <testcase classname="Grouping.Testng2.Prioritizing" name="pri4" time="0.001"/>
  <system-out/>
  <testcase classname="Grouping.Testng2.Prioritizing" name="pri2" time="0.001"/>
  <system-out/>
  <testcase classname="Grouping.Testng2.Prioritizing" name="pri3" time="0.000"/>
  <system-out/>
  <testcase classname="Grouping.Testng2.Prioritizing" name="pri1" time="0.000"/>
  <system-out/>
</testsuite> <!-- Grouping.Testng2.Prioritizing -->
